
** 2019-01-02 16:14:19.911157 **:
MarGo: MarGo build failed
cmd: `['C:\\Go\\bin\\go.exe', 'build', '-tags', '', '-v', '-o', 'gosublime.margo_r18.11.28-1_go?.exe', 'gosublime/cmd/margo']`
stdout: `

`
stderr: `
..\..\..\..\GoSublime\src\gosublime\cmd\margo_pkg\broker.go:4:2: cannot find package "bufio" in any of:
	d:\go\src\bufio (from $GOROOT)
	C:\Users\wcq\AppData\Roaming\Sublime Text 3\Packages\User\GoSublime\src\bufio (from $GOPATH)
	C:\Users\wcq\AppData\Roaming\Sublime Text 3\Packages\GoSublime\src\bufio
..\..\..\..\GoSublime\src\gosublime\cmd\margo_pkg\broker.go:5:2: cannot find package "bytes" in any of:
	d:\go\src\bytes (from $GOROOT)
	C:\Users\wcq\AppData\Roaming\Sublime Text 3\Packages\User\GoSublime\src\bytes (from $GOPATH)
	C:\Users\wcq\AppData\Roaming\Sublime Text 3\Packages\GoSublime\src\bytes
..\..\..\..\GoSublime\src\gosublime\cmd\margo_pkg\common.go:5:2: cannot find package "encoding/base64" in any of:
	d:\go\src\encoding\base64 (from $GOROOT)
	C:\Users\wcq\AppData\Roaming\Sublime Text 3\Packages\User\GoSublime\src\encoding\base64 (from $GOPATH)
	C:\Users\wcq\AppData\Roaming\Sublime Text 3\Packages\GoSublime\src\encoding\base64
..\..\..\..\GoSublime\src\gosublime\something-borrowed\gocode\package_bin.go:4:2: cannot find package "encoding/binary" in any of:
	d:\go\src\encoding\binary (from $GOROOT)
	C:\Users\wcq\AppData\Roaming\Sublime Text 3\Packages\User\GoSublime\src\encoding\binary (from $GOPATH)
	C:\Users\wcq\AppData\Roaming\Sublime Text 3\Packages\GoSublime\src\encoding\binary
..\..\..\..\GoSublime\src\gosublime\cmd\margo_pkg\broker.go:6:2: cannot find package "encoding/json" in any of:
	d:\go\src\encoding\json (from $GOROOT)
	C:\Users\wcq\AppData\Roaming\Sublime Text 3\Packages\User\GoSublime\src\encoding\json (from $GOPATH)
	C:\Users\wcq\AppData\Roaming\Sublime Text 3\Packages\GoSublime\src\encoding\json
..\..\..\..\GoSublime\src\gosublime\something-borrowed\gocode\package_text.go:5:2: cannot find package "errors" in any of:
	d:\go\src\errors (from $GOROOT)
	C:\Users\wcq\AppData\Roaming\Sublime Text 3\Packages\User\GoSublime\src\errors (from $GOPATH)
	C:\Users\wcq\AppData\Roaming\Sublime Text 3\Packages\GoSublime\src\errors
..\..\..\..\GoSublime\src\gosublime\cmd\margo_pkg\main.go:7:2: cannot find package "flag" in any of:
	d:\go\src\flag (from $GOROOT)
	C:\Users\wcq\AppData\Roaming\Sublime Text 3\Packages\User\GoSublime\src\flag (from $GOPATH)
	C:\Users\wcq\AppData\Roaming\Sublime Text 3\Packages\GoSublime\src\flag
..\..\..\..\GoSublime\src\gosublime\cmd\margo_pkg\common.go:7:2: cannot find package "fmt" in any of:
	d:\go\src\fmt (from $GOROOT)
	C:\Users\wcq\AppData\Roaming\Sublime Text 3\Packages\User\GoSublime\src\fmt (from $GOPATH)
	C:\Users\wcq\AppData\Roaming\Sublime Text 3\Packages\GoSublime\src\fmt
..\..\..\..\GoSublime\src\gosublime\cmd\margo_pkg\common.go:8:2: cannot find package "go/ast" in any of:
	d:\go\src\go\ast (from $GOROOT)
	C:\Users\wcq\AppData\Roaming\Sublime Text 3\Packages\User\GoSublime\src\go\ast (from $GOPATH)
	C:\Users\wcq\AppData\Roaming\Sublime Text 3\Packages\GoSublime\src\go\ast
..\..\..\..\GoSublime\src\gosublime\cmd\margo_pkg\m_import_paths.go:5:2: cannot find package "go/build" in any of:
	d:\go\src\go\build (from $GOROOT)
	C:\Users\wcq\AppData\Roaming\Sublime Text 3\Packages\User\GoSublime\src\go\build (from $GOPATH)
	C:\Users\wcq\AppData\Roaming\Sublime Text 3\Packages\GoSublime\src\go\build
..\..\..\..\GoSublime\src\gosublime\cmd\margo_pkg\common.go:9:2: cannot find package "go/parser" in any of:
	d:\go\src\go\parser (from $GOROOT)
	C:\Users\wcq\AppData\Roaming\Sublime Text 3\Packages\User\GoSublime\src\go\parser (from $GOPATH)
	C:\Users\wcq\AppData\Roaming\Sublime Text 3\Packages\GoSublime\src\go\parser
..\..\..\..\GoSublime\src\gosublime\cmd\margo_pkg\common.go:10:2: cannot find package "go/printer" in any of:
	d:\go\src\go\printer (from $GOROOT)
	C:\Users\wcq\AppData\Roaming\Sublime Text 3\Packages\User\GoSublime\src\go\printer (from $GOPATH)
	C:\Users\wcq\AppData\Roaming\Sublime Text 3\Packages\GoSublime\src\go\printer
..\..\..\..\GoSublime\src\gosublime\cmd\margo_pkg\m_lint.go:6:2: cannot find package "go/scanner" in any of:
	d:\go\src\go\scanner (from $GOROOT)
	C:\Users\wcq\AppData\Roaming\Sublime Text 3\Packages\User\GoSublime\src\go\scanner (from $GOPATH)
	C:\Users\wcq\AppData\Roaming\Sublime Text 3\Packages\GoSublime\src\go\scanner
..\..\..\..\GoSublime\src\gosublime\cmd\margo_pkg\common.go:11:2: cannot find package "go/token" in any of:
	d:\go\src\go\token (from $GOROOT)
	C:\Users\wcq\AppData\Roaming\Sublime Text 3\Packages\User\GoSublime\src\go\token (from $GOPATH)
	C:\Users\wcq\AppData\Roaming\Sublime Text 3\Packages\GoSublime\src\go\token
..\..\..\..\GoSublime\src\gosublime\something-borrowed\gocode\config.go:7:2: cannot find package "io" in any of:
	d:\go\src\io (from $GOROOT)
	C:\Users\wcq\AppData\Roaming\Sublime Text 3\Packages\User\GoSublime\src\io (from $GOPATH)
	C:\Users\wcq\AppData\Roaming\Sublime Text 3\Packages\GoSublime\src\io
..\..\..\..\GoSublime\src\gosublime\something-borrowed\gocode\client.go:7:2: cannot find package "io/ioutil" in any of:
	d:\go\src\io\ioutil (from $GOROOT)
	C:\Users\wcq\AppData\Roaming\Sublime Text 3\Packages\User\GoSublime\src\io\ioutil (from $GOPATH)
	C:\Users\wcq\AppData\Roaming\Sublime Text 3\Packages\GoSublime\src\io\ioutil
..\..\..\..\GoSublime\src\gosublime\something-borrowed\gocode\autocompletecontext.go:9:2: cannot find package "log" in any of:
	d:\go\src\log (from $GOROOT)
	C:\Users\wcq\AppData\Roaming\Sublime Text 3\Packages\User\GoSublime\src\log (from $GOPATH)
	C:\Users\wcq\AppData\Roaming\Sublime Text 3\Packages\GoSublime\src\log
..\..\..\..\GoSublime\src\gosublime\something-borrowed\types\const.go:12:2: cannot find package "math/big" in any of:
	d:\go\src\math\big (from $GOROOT)
	C:\Users\wcq\AppData\Roaming\Sublime Text 3\Packages\User\GoSublime\src\math\big (from $GOPATH)
	C:\Users\wcq\AppData\Roaming\Sublime Text 3\Packages\GoSublime\src\math\big
..\..\..\..\GoSublime\src\gosublime\something-borrowed\gocode\server.go:8:2: cannot find package "net" in any of:
	d:\go\src\net (from $GOROOT)
	C:\Users\wcq\AppData\Roaming\Sublime Text 3\Packages\User\GoSublime\src\net (from $GOPATH)
	C:\Users\wcq\AppData\Roaming\Sublime Text 3\Packages\GoSublime\src\net
..\..\..\..\GoSublime\src\gosublime\something-borrowed\gocode\gocode.go:7:2: cannot find package "net/http" in any of:
	d:\go\src\net\http (from $GOROOT)
	C:\Users\wcq\AppData\Roaming\Sublime Text 3\Packages\User\GoSublime\src\net\http (from $GOPATH)
	C:\Users\wcq\AppData\Roaming\Sublime Text 3\Packages\GoSublime\src\net\http
..\..\..\..\GoSublime\src\gosublime\something-borrowed\gocode\gocode.go:8:2: cannot find package "net/http/pprof" in any of:
	d:\go\src\net\http\pprof (from $GOROOT)
	C:\Users\wcq\AppData\Roaming\Sublime Text 3\Packages\User\GoSublime\src\net\http\pprof (from $GOPATH)
	C:\Users\wcq\AppData\Roaming\Sublime Text 3\Packages\GoSublime\src\net\http\pprof
..\..\..\..\GoSublime\src\gosublime\something-borrowed\gocode\client.go:8:2: cannot find package "net/rpc" in any of:
	d:\go\src\net\rpc (from $GOROOT)
	C:\Users\wcq\AppData\Roaming\Sublime Text 3\Packages\User\GoSublime\src\net\rpc (from $GOPATH)
	C:\Users\wcq\AppData\Roaming\Sublime Text 3\Packages\GoSublime\src\net\rpc
..\..\..\..\GoSublime\src\gosublime\cmd\margo_pkg\m_pkgdoc.go:8:2: cannot find package "net/url" in any of:
	d:\go\src\net\url (from $GOROOT)
	C:\Users\wcq\AppData\Roaming\Sublime Text 3\Packages\User\GoSublime\src\net\url (from $GOPATH)
	C:\Users\wcq\AppData\Roaming\Sublime Text 3\Packages\GoSublime\src\net\url
..\..\..\..\GoSublime\src\gosublime\margo\meth\importpaths\importpaths.go:9:2: cannot find package "os" in any of:
	d:\go\src\os (from $GOROOT)
	C:\Users\wcq\AppData\Roaming\Sublime Text 3\Packages\User\GoSublime\src\os (from $GOPATH)
	C:\Users\wcq\AppData\Roaming\Sublime Text 3\Packages\GoSublime\src\os
..\..\..\..\GoSublime\src\gosublime\something-borrowed\gocode\declcache.go:11:2: cannot find package "os/exec" in any of:
	d:\go\src\os\exec (from $GOROOT)
	C:\Users\wcq\AppData\Roaming\Sublime Text 3\Packages\User\GoSublime\src\os\exec (from $GOPATH)
	C:\Users\wcq\AppData\Roaming\Sublime Text 3\Packages\GoSublime\src\os\exec
..\..\..\..\GoSublime\src\gosublime\cmd\margo_pkg\m_doc.go:7:2: cannot find package "path" in any of:
	d:\go\src\path (from $GOROOT)
	C:\Users\wcq\AppData\Roaming\Sublime Text 3\Packages\User\GoSublime\src\path (from $GOPATH)
	C:\Users\wcq\AppData\Roaming\Sublime Text 3\Packages\GoSublime\src\path
..\..\..\..\GoSublime\src\gosublime\margo\filter.go:4:2: cannot find package "path/filepath" in any of:
	d:\go\src\path\filepath (from $GOROOT)
	C:\Users\wcq\AppData\Roaming\Sublime Text 3\Packages\User\GoSublime\src\path\filepath (from $GOPATH)
	C:\Users\wcq\AppData\Roaming\Sublime Text 3\Packages\GoSublime\src\path\filepath
..\..\..\..\GoSublime\src\gosublime\something-borrowed\gocode\config.go:10:2: cannot find package "reflect" in any of:
	d:\go\src\reflect (from $GOROOT)
	C:\Users\wcq\AppData\Roaming\Sublime Text 3\Packages\User\GoSublime\src\reflect (from $GOPATH)
	C:\Users\wcq\AppData\Roaming\Sublime Text 3\Packages\GoSublime\src\reflect
..\..\..\..\GoSublime\src\gosublime\something-borrowed\gocode\config.go:11:2: cannot find package "regexp" in any of:
	d:\go\src\regexp (from $GOROOT)
	C:\Users\wcq\AppData\Roaming\Sublime Text 3\Packages\User\GoSublime\src\regexp (from $GOPATH)
	C:\Users\wcq\AppData\Roaming\Sublime Text 3\Packages\GoSublime\src\regexp
..\..\..\..\GoSublime\src\gosublime\something-borrowed\gocode\autocompletecontext.go:12:2: cannot find package "runtime" in any of:
	d:\go\src\runtime (from $GOROOT)
	C:\Users\wcq\AppData\Roaming\Sublime Text 3\Packages\User\GoSublime\src\runtime (from $GOPATH)
	C:\Users\wcq\AppData\Roaming\Sublime Text 3\Packages\GoSublime\src\runtime
..\..\..\..\GoSublime\src\gosublime\something-borrowed\gocode\autocompletecontext.go:13:2: cannot find package "sort" in any of:
	d:\go\src\sort (from $GOROOT)
	C:\Users\wcq\AppData\Roaming\Sublime Text 3\Packages\User\GoSublime\src\sort (from $GOPATH)
	C:\Users\wcq\AppData\Roaming\Sublime Text 3\Packages\GoSublime\src\sort
..\..\..\..\GoSublime\src\gosublime\something-borrowed\gocode\client.go:11:2: cannot find package "strconv" in any of:
	d:\go\src\strconv (from $GOROOT)
	C:\Users\wcq\AppData\Roaming\Sublime Text 3\Packages\User\GoSublime\src\strconv (from $GOPATH)
	C:\Users\wcq\AppData\Roaming\Sublime Text 3\Packages\GoSublime\src\strconv
..\..\..\..\GoSublime\src\gosublime\margo\meth\importpaths\importpaths.go:11:2: cannot find package "strings" in any of:
	d:\go\src\strings (from $GOROOT)
	C:\Users\wcq\AppData\Roaming\Sublime Text 3\Packages\User\GoSublime\src\strings (from $GOPATH)
	C:\Users\wcq\AppData\Roaming\Sublime Text 3\Packages\GoSublime\src\strings
..\..\..\..\GoSublime\src\gosublime\margo\opts.go:5:2: cannot find package "sync" in any of:
	d:\go\src\sync (from $GOROOT)
	C:\Users\wcq\AppData\Roaming\Sublime Text 3\Packages\User\GoSublime\src\sync (from $GOPATH)
	C:\Users\wcq\AppData\Roaming\Sublime Text 3\Packages\GoSublime\src\sync
..\..\..\..\GoSublime\src\gosublime\something-borrowed\gocode\os_windows.go:7:2: cannot find package "syscall" in any of:
	d:\go\src\syscall (from $GOROOT)
	C:\Users\wcq\AppData\Roaming\Sublime Text 3\Packages\User\GoSublime\src\syscall (from $GOPATH)
	C:\Users\wcq\AppData\Roaming\Sublime Text 3\Packages\GoSublime\src\syscall
..\..\..\..\GoSublime\src\gosublime\something-borrowed\gocode\package_text.go:10:2: cannot find package "text/scanner" in any of:
	d:\go\src\text\scanner (from $GOROOT)
	C:\Users\wcq\AppData\Roaming\Sublime Text 3\Packages\User\GoSublime\src\text\scanner (from $GOPATH)
	C:\Users\wcq\AppData\Roaming\Sublime Text 3\Packages\GoSublime\src\text\scanner
..\..\..\..\GoSublime\src\gosublime\margo\meth\importpaths\importpaths.go:13:2: cannot find package "time" in any of:
	d:\go\src\time (from $GOROOT)
	C:\Users\wcq\AppData\Roaming\Sublime Text 3\Packages\User\GoSublime\src\time (from $GOPATH)
	C:\Users\wcq\AppData\Roaming\Sublime Text 3\Packages\GoSublime\src\time
..\..\..\..\GoSublime\src\gosublime\something-borrowed\gocode\package_bin.go:10:2: cannot find package "unicode" in any of:
	d:\go\src\unicode (from $GOROOT)
	C:\Users\wcq\AppData\Roaming\Sublime Text 3\Packages\User\GoSublime\src\unicode (from $GOPATH)
	C:\Users\wcq\AppData\Roaming\Sublime Text 3\Packages\GoSublime\src\unicode
..\..\..\..\GoSublime\src\gosublime\something-borrowed\gocode\package_bin.go:11:2: cannot find package "unicode/utf8" in any of:
	d:\go\src\unicode\utf8 (from $GOROOT)
	C:\Users\wcq\AppData\Roaming\Sublime Text 3\Packages\User\GoSublime\src\unicode\utf8 (from $GOPATH)
	C:\Users\wcq\AppData\Roaming\Sublime Text 3\Packages\GoSublime\src\unicode\utf8
..\..\..\..\GoSublime\src\gosublime\something-borrowed\gocode\os_windows.go:8:2: cannot find package "unsafe" in any of:
	d:\go\src\unsafe (from $GOROOT)
	C:\Users\wcq\AppData\Roaming\Sublime Text 3\Packages\User\GoSublime\src\unsafe (from $GOPATH)
	C:\Users\wcq\AppData\Roaming\Sublime Text 3\Packages\GoSublime\src\unsafe
`
exception: `None`
--------------------------------

** 2019-01-02 16:26:47.642925 **:
agent#007: GoSublime: Traceback (most recent call last):
  File "C:\Users\wcq\AppData\Roaming\Sublime Text 3\Packages\GoSublime\gosubl\margo_agent.py", line 175, in _handle_send_ipc
    ipc_enc(rq.data(), self.proc.stdin)
  File "C:\Users\wcq\AppData\Roaming\Sublime Text 3\Packages\GoSublime\gosubl\vendor\umsgpack.py", line 527, in _pack3
    _pack_map(obj, fp, options)
  File "C:\Users\wcq\AppData\Roaming\Sublime Text 3\Packages\GoSublime\gosubl\vendor\umsgpack.py", line 395, in _pack_map
    pack(v, fp, **options)
  File "C:\Users\wcq\AppData\Roaming\Sublime Text 3\Packages\GoSublime\gosubl\vendor\umsgpack.py", line 527, in _pack3
    _pack_map(obj, fp, options)
  File "C:\Users\wcq\AppData\Roaming\Sublime Text 3\Packages\GoSublime\gosubl\vendor\umsgpack.py", line 395, in _pack_map
    pack(v, fp, **options)
  File "C:\Users\wcq\AppData\Roaming\Sublime Text 3\Packages\GoSublime\gosubl\vendor\umsgpack.py", line 527, in _pack3
    _pack_map(obj, fp, options)
  File "C:\Users\wcq\AppData\Roaming\Sublime Text 3\Packages\GoSublime\gosubl\vendor\umsgpack.py", line 394, in _pack_map
    pack(k, fp, **options)
  File "C:\Users\wcq\AppData\Roaming\Sublime Text 3\Packages\GoSublime\gosubl\vendor\umsgpack.py", line 521, in _pack3
    _pack_string(obj, fp, options)
  File "C:\Users\wcq\AppData\Roaming\Sublime Text 3\Packages\GoSublime\gosubl\vendor\umsgpack.py", line 289, in _pack_string
    fp.write(struct.pack("B", 0xa0 | len(obj)) + obj)
OSError: [Errno 22] Invalid argument
--------------------------------

** 2019-01-02 16:26:49.914055 **:
agent#008: GoSublime: Traceback (most recent call last):
  File "C:\Users\wcq\AppData\Roaming\Sublime Text 3\Packages\GoSublime\gosubl\margo_agent.py", line 175, in _handle_send_ipc
    ipc_enc(rq.data(), self.proc.stdin)
  File "C:\Users\wcq\AppData\Roaming\Sublime Text 3\Packages\GoSublime\gosubl\vendor\umsgpack.py", line 527, in _pack3
    _pack_map(obj, fp, options)
  File "C:\Users\wcq\AppData\Roaming\Sublime Text 3\Packages\GoSublime\gosubl\vendor\umsgpack.py", line 395, in _pack_map
    pack(v, fp, **options)
  File "C:\Users\wcq\AppData\Roaming\Sublime Text 3\Packages\GoSublime\gosubl\vendor\umsgpack.py", line 527, in _pack3
    _pack_map(obj, fp, options)
  File "C:\Users\wcq\AppData\Roaming\Sublime Text 3\Packages\GoSublime\gosubl\vendor\umsgpack.py", line 395, in _pack_map
    pack(v, fp, **options)
  File "C:\Users\wcq\AppData\Roaming\Sublime Text 3\Packages\GoSublime\gosubl\vendor\umsgpack.py", line 527, in _pack3
    _pack_map(obj, fp, options)
  File "C:\Users\wcq\AppData\Roaming\Sublime Text 3\Packages\GoSublime\gosubl\vendor\umsgpack.py", line 394, in _pack_map
    pack(k, fp, **options)
  File "C:\Users\wcq\AppData\Roaming\Sublime Text 3\Packages\GoSublime\gosubl\vendor\umsgpack.py", line 521, in _pack3
    _pack_string(obj, fp, options)
  File "C:\Users\wcq\AppData\Roaming\Sublime Text 3\Packages\GoSublime\gosubl\vendor\umsgpack.py", line 289, in _pack_string
    fp.write(struct.pack("B", 0xa0 | len(obj)) + obj)
OSError: [Errno 22] Invalid argument
--------------------------------

** 2019-01-02 16:26:51.517146 **:
agent#009: GoSublime: Traceback (most recent call last):
  File "C:\Users\wcq\AppData\Roaming\Sublime Text 3\Packages\GoSublime\gosubl\margo_agent.py", line 175, in _handle_send_ipc
    ipc_enc(rq.data(), self.proc.stdin)
  File "C:\Users\wcq\AppData\Roaming\Sublime Text 3\Packages\GoSublime\gosubl\vendor\umsgpack.py", line 527, in _pack3
    _pack_map(obj, fp, options)
  File "C:\Users\wcq\AppData\Roaming\Sublime Text 3\Packages\GoSublime\gosubl\vendor\umsgpack.py", line 395, in _pack_map
    pack(v, fp, **options)
  File "C:\Users\wcq\AppData\Roaming\Sublime Text 3\Packages\GoSublime\gosubl\vendor\umsgpack.py", line 527, in _pack3
    _pack_map(obj, fp, options)
  File "C:\Users\wcq\AppData\Roaming\Sublime Text 3\Packages\GoSublime\gosubl\vendor\umsgpack.py", line 395, in _pack_map
    pack(v, fp, **options)
  File "C:\Users\wcq\AppData\Roaming\Sublime Text 3\Packages\GoSublime\gosubl\vendor\umsgpack.py", line 527, in _pack3
    _pack_map(obj, fp, options)
  File "C:\Users\wcq\AppData\Roaming\Sublime Text 3\Packages\GoSublime\gosubl\vendor\umsgpack.py", line 394, in _pack_map
    pack(k, fp, **options)
  File "C:\Users\wcq\AppData\Roaming\Sublime Text 3\Packages\GoSublime\gosubl\vendor\umsgpack.py", line 521, in _pack3
    _pack_string(obj, fp, options)
  File "C:\Users\wcq\AppData\Roaming\Sublime Text 3\Packages\GoSublime\gosubl\vendor\umsgpack.py", line 289, in _pack_string
    fp.write(struct.pack("B", 0xa0 | len(obj)) + obj)
OSError: [Errno 22] Invalid argument
--------------------------------

** 2019-01-02 16:26:59.824622 **:
agent#010: GoSublime: Traceback (most recent call last):
  File "C:\Users\wcq\AppData\Roaming\Sublime Text 3\Packages\GoSublime\gosubl\margo_agent.py", line 175, in _handle_send_ipc
    ipc_enc(rq.data(), self.proc.stdin)
  File "C:\Users\wcq\AppData\Roaming\Sublime Text 3\Packages\GoSublime\gosubl\vendor\umsgpack.py", line 527, in _pack3
    _pack_map(obj, fp, options)
  File "C:\Users\wcq\AppData\Roaming\Sublime Text 3\Packages\GoSublime\gosubl\vendor\umsgpack.py", line 395, in _pack_map
    pack(v, fp, **options)
  File "C:\Users\wcq\AppData\Roaming\Sublime Text 3\Packages\GoSublime\gosubl\vendor\umsgpack.py", line 527, in _pack3
    _pack_map(obj, fp, options)
  File "C:\Users\wcq\AppData\Roaming\Sublime Text 3\Packages\GoSublime\gosubl\vendor\umsgpack.py", line 395, in _pack_map
    pack(v, fp, **options)
  File "C:\Users\wcq\AppData\Roaming\Sublime Text 3\Packages\GoSublime\gosubl\vendor\umsgpack.py", line 527, in _pack3
    _pack_map(obj, fp, options)
  File "C:\Users\wcq\AppData\Roaming\Sublime Text 3\Packages\GoSublime\gosubl\vendor\umsgpack.py", line 394, in _pack_map
    pack(k, fp, **options)
  File "C:\Users\wcq\AppData\Roaming\Sublime Text 3\Packages\GoSublime\gosubl\vendor\umsgpack.py", line 521, in _pack3
    _pack_string(obj, fp, options)
  File "C:\Users\wcq\AppData\Roaming\Sublime Text 3\Packages\GoSublime\gosubl\vendor\umsgpack.py", line 289, in _pack_string
    fp.write(struct.pack("B", 0xa0 | len(obj)) + obj)
OSError: [Errno 22] Invalid argument
--------------------------------

** 2019-01-02 16:27:08.027091 **:
agent#011: GoSublime: Traceback (most recent call last):
  File "C:\Users\wcq\AppData\Roaming\Sublime Text 3\Packages\GoSublime\gosubl\margo_agent.py", line 175, in _handle_send_ipc
    ipc_enc(rq.data(), self.proc.stdin)
  File "C:\Users\wcq\AppData\Roaming\Sublime Text 3\Packages\GoSublime\gosubl\vendor\umsgpack.py", line 527, in _pack3
    _pack_map(obj, fp, options)
  File "C:\Users\wcq\AppData\Roaming\Sublime Text 3\Packages\GoSublime\gosubl\vendor\umsgpack.py", line 395, in _pack_map
    pack(v, fp, **options)
  File "C:\Users\wcq\AppData\Roaming\Sublime Text 3\Packages\GoSublime\gosubl\vendor\umsgpack.py", line 527, in _pack3
    _pack_map(obj, fp, options)
  File "C:\Users\wcq\AppData\Roaming\Sublime Text 3\Packages\GoSublime\gosubl\vendor\umsgpack.py", line 395, in _pack_map
    pack(v, fp, **options)
  File "C:\Users\wcq\AppData\Roaming\Sublime Text 3\Packages\GoSublime\gosubl\vendor\umsgpack.py", line 527, in _pack3
    _pack_map(obj, fp, options)
  File "C:\Users\wcq\AppData\Roaming\Sublime Text 3\Packages\GoSublime\gosubl\vendor\umsgpack.py", line 394, in _pack_map
    pack(k, fp, **options)
  File "C:\Users\wcq\AppData\Roaming\Sublime Text 3\Packages\GoSublime\gosubl\vendor\umsgpack.py", line 521, in _pack3
    _pack_string(obj, fp, options)
  File "C:\Users\wcq\AppData\Roaming\Sublime Text 3\Packages\GoSublime\gosubl\vendor\umsgpack.py", line 289, in _pack_string
    fp.write(struct.pack("B", 0xa0 | len(obj)) + obj)
OSError: [Errno 22] Invalid argument
--------------------------------

** 2019-01-02 16:27:35.972689 **:
agent#013: GoSublime: Traceback (most recent call last):
  File "C:\Users\wcq\AppData\Roaming\Sublime Text 3\Packages\GoSublime\gosubl\margo_agent.py", line 175, in _handle_send_ipc
    ipc_enc(rq.data(), self.proc.stdin)
  File "C:\Users\wcq\AppData\Roaming\Sublime Text 3\Packages\GoSublime\gosubl\vendor\umsgpack.py", line 527, in _pack3
    _pack_map(obj, fp, options)
  File "C:\Users\wcq\AppData\Roaming\Sublime Text 3\Packages\GoSublime\gosubl\vendor\umsgpack.py", line 395, in _pack_map
    pack(v, fp, **options)
  File "C:\Users\wcq\AppData\Roaming\Sublime Text 3\Packages\GoSublime\gosubl\vendor\umsgpack.py", line 527, in _pack3
    _pack_map(obj, fp, options)
  File "C:\Users\wcq\AppData\Roaming\Sublime Text 3\Packages\GoSublime\gosubl\vendor\umsgpack.py", line 395, in _pack_map
    pack(v, fp, **options)
  File "C:\Users\wcq\AppData\Roaming\Sublime Text 3\Packages\GoSublime\gosubl\vendor\umsgpack.py", line 527, in _pack3
    _pack_map(obj, fp, options)
  File "C:\Users\wcq\AppData\Roaming\Sublime Text 3\Packages\GoSublime\gosubl\vendor\umsgpack.py", line 394, in _pack_map
    pack(k, fp, **options)
  File "C:\Users\wcq\AppData\Roaming\Sublime Text 3\Packages\GoSublime\gosubl\vendor\umsgpack.py", line 521, in _pack3
    _pack_string(obj, fp, options)
  File "C:\Users\wcq\AppData\Roaming\Sublime Text 3\Packages\GoSublime\gosubl\vendor\umsgpack.py", line 289, in _pack_string
    fp.write(struct.pack("B", 0xa0 | len(obj)) + obj)
OSError: [Errno 22] Invalid argument
--------------------------------

** 2019-01-02 16:27:50.409515 **:
agent#015: GoSublime: Traceback (most recent call last):
  File "C:\Users\wcq\AppData\Roaming\Sublime Text 3\Packages\GoSublime\gosubl\margo_agent.py", line 175, in _handle_send_ipc
    ipc_enc(rq.data(), self.proc.stdin)
  File "C:\Users\wcq\AppData\Roaming\Sublime Text 3\Packages\GoSublime\gosubl\vendor\umsgpack.py", line 527, in _pack3
    _pack_map(obj, fp, options)
  File "C:\Users\wcq\AppData\Roaming\Sublime Text 3\Packages\GoSublime\gosubl\vendor\umsgpack.py", line 395, in _pack_map
    pack(v, fp, **options)
  File "C:\Users\wcq\AppData\Roaming\Sublime Text 3\Packages\GoSublime\gosubl\vendor\umsgpack.py", line 527, in _pack3
    _pack_map(obj, fp, options)
  File "C:\Users\wcq\AppData\Roaming\Sublime Text 3\Packages\GoSublime\gosubl\vendor\umsgpack.py", line 395, in _pack_map
    pack(v, fp, **options)
  File "C:\Users\wcq\AppData\Roaming\Sublime Text 3\Packages\GoSublime\gosubl\vendor\umsgpack.py", line 527, in _pack3
    _pack_map(obj, fp, options)
  File "C:\Users\wcq\AppData\Roaming\Sublime Text 3\Packages\GoSublime\gosubl\vendor\umsgpack.py", line 394, in _pack_map
    pack(k, fp, **options)
  File "C:\Users\wcq\AppData\Roaming\Sublime Text 3\Packages\GoSublime\gosubl\vendor\umsgpack.py", line 521, in _pack3
    _pack_string(obj, fp, options)
  File "C:\Users\wcq\AppData\Roaming\Sublime Text 3\Packages\GoSublime\gosubl\vendor\umsgpack.py", line 289, in _pack_string
    fp.write(struct.pack("B", 0xa0 | len(obj)) + obj)
OSError: [Errno 22] Invalid argument
--------------------------------

** 2019-01-02 16:28:34.272024 **:
agent#018: GoSublime: Traceback (most recent call last):
  File "C:\Users\wcq\AppData\Roaming\Sublime Text 3\Packages\GoSublime\gosubl\margo_agent.py", line 175, in _handle_send_ipc
    ipc_enc(rq.data(), self.proc.stdin)
  File "C:\Users\wcq\AppData\Roaming\Sublime Text 3\Packages\GoSublime\gosubl\vendor\umsgpack.py", line 527, in _pack3
    _pack_map(obj, fp, options)
  File "C:\Users\wcq\AppData\Roaming\Sublime Text 3\Packages\GoSublime\gosubl\vendor\umsgpack.py", line 395, in _pack_map
    pack(v, fp, **options)
  File "C:\Users\wcq\AppData\Roaming\Sublime Text 3\Packages\GoSublime\gosubl\vendor\umsgpack.py", line 527, in _pack3
    _pack_map(obj, fp, options)
  File "C:\Users\wcq\AppData\Roaming\Sublime Text 3\Packages\GoSublime\gosubl\vendor\umsgpack.py", line 395, in _pack_map
    pack(v, fp, **options)
  File "C:\Users\wcq\AppData\Roaming\Sublime Text 3\Packages\GoSublime\gosubl\vendor\umsgpack.py", line 527, in _pack3
    _pack_map(obj, fp, options)
  File "C:\Users\wcq\AppData\Roaming\Sublime Text 3\Packages\GoSublime\gosubl\vendor\umsgpack.py", line 394, in _pack_map
    pack(k, fp, **options)
  File "C:\Users\wcq\AppData\Roaming\Sublime Text 3\Packages\GoSublime\gosubl\vendor\umsgpack.py", line 521, in _pack3
    _pack_string(obj, fp, options)
  File "C:\Users\wcq\AppData\Roaming\Sublime Text 3\Packages\GoSublime\gosubl\vendor\umsgpack.py", line 289, in _pack_string
    fp.write(struct.pack("B", 0xa0 | len(obj)) + obj)
OSError: [Errno 22] Invalid argument
--------------------------------

** 2019-01-02 16:28:52.004038 **:
agent#022: GoSublime: Traceback (most recent call last):
  File "C:\Users\wcq\AppData\Roaming\Sublime Text 3\Packages\GoSublime\gosubl\margo_agent.py", line 175, in _handle_send_ipc
    ipc_enc(rq.data(), self.proc.stdin)
  File "C:\Users\wcq\AppData\Roaming\Sublime Text 3\Packages\GoSublime\gosubl\vendor\umsgpack.py", line 527, in _pack3
    _pack_map(obj, fp, options)
  File "C:\Users\wcq\AppData\Roaming\Sublime Text 3\Packages\GoSublime\gosubl\vendor\umsgpack.py", line 395, in _pack_map
    pack(v, fp, **options)
  File "C:\Users\wcq\AppData\Roaming\Sublime Text 3\Packages\GoSublime\gosubl\vendor\umsgpack.py", line 527, in _pack3
    _pack_map(obj, fp, options)
  File "C:\Users\wcq\AppData\Roaming\Sublime Text 3\Packages\GoSublime\gosubl\vendor\umsgpack.py", line 395, in _pack_map
    pack(v, fp, **options)
  File "C:\Users\wcq\AppData\Roaming\Sublime Text 3\Packages\GoSublime\gosubl\vendor\umsgpack.py", line 527, in _pack3
    _pack_map(obj, fp, options)
  File "C:\Users\wcq\AppData\Roaming\Sublime Text 3\Packages\GoSublime\gosubl\vendor\umsgpack.py", line 394, in _pack_map
    pack(k, fp, **options)
  File "C:\Users\wcq\AppData\Roaming\Sublime Text 3\Packages\GoSublime\gosubl\vendor\umsgpack.py", line 521, in _pack3
    _pack_string(obj, fp, options)
  File "C:\Users\wcq\AppData\Roaming\Sublime Text 3\Packages\GoSublime\gosubl\vendor\umsgpack.py", line 289, in _pack_string
    fp.write(struct.pack("B", 0xa0 | len(obj)) + obj)
OSError: [Errno 22] Invalid argument
--------------------------------

** 2019-01-02 16:28:55.255224 **:
agent#023: GoSublime: Traceback (most recent call last):
  File "C:\Users\wcq\AppData\Roaming\Sublime Text 3\Packages\GoSublime\gosubl\margo_agent.py", line 175, in _handle_send_ipc
    ipc_enc(rq.data(), self.proc.stdin)
  File "C:\Users\wcq\AppData\Roaming\Sublime Text 3\Packages\GoSublime\gosubl\vendor\umsgpack.py", line 527, in _pack3
    _pack_map(obj, fp, options)
  File "C:\Users\wcq\AppData\Roaming\Sublime Text 3\Packages\GoSublime\gosubl\vendor\umsgpack.py", line 395, in _pack_map
    pack(v, fp, **options)
  File "C:\Users\wcq\AppData\Roaming\Sublime Text 3\Packages\GoSublime\gosubl\vendor\umsgpack.py", line 527, in _pack3
    _pack_map(obj, fp, options)
  File "C:\Users\wcq\AppData\Roaming\Sublime Text 3\Packages\GoSublime\gosubl\vendor\umsgpack.py", line 395, in _pack_map
    pack(v, fp, **options)
  File "C:\Users\wcq\AppData\Roaming\Sublime Text 3\Packages\GoSublime\gosubl\vendor\umsgpack.py", line 527, in _pack3
    _pack_map(obj, fp, options)
  File "C:\Users\wcq\AppData\Roaming\Sublime Text 3\Packages\GoSublime\gosubl\vendor\umsgpack.py", line 394, in _pack_map
    pack(k, fp, **options)
  File "C:\Users\wcq\AppData\Roaming\Sublime Text 3\Packages\GoSublime\gosubl\vendor\umsgpack.py", line 521, in _pack3
    _pack_string(obj, fp, options)
  File "C:\Users\wcq\AppData\Roaming\Sublime Text 3\Packages\GoSublime\gosubl\vendor\umsgpack.py", line 289, in _pack_string
    fp.write(struct.pack("B", 0xa0 | len(obj)) + obj)
OSError: [Errno 22] Invalid argument
--------------------------------

** 2019-01-02 16:32:58.985164 **:
agent#028: GoSublime: Traceback (most recent call last):
  File "C:\Users\wcq\AppData\Roaming\Sublime Text 3\Packages\GoSublime\gosubl\margo_agent.py", line 175, in _handle_send_ipc
    ipc_enc(rq.data(), self.proc.stdin)
  File "C:\Users\wcq\AppData\Roaming\Sublime Text 3\Packages\GoSublime\gosubl\vendor\umsgpack.py", line 527, in _pack3
    _pack_map(obj, fp, options)
  File "C:\Users\wcq\AppData\Roaming\Sublime Text 3\Packages\GoSublime\gosubl\vendor\umsgpack.py", line 395, in _pack_map
    pack(v, fp, **options)
  File "C:\Users\wcq\AppData\Roaming\Sublime Text 3\Packages\GoSublime\gosubl\vendor\umsgpack.py", line 527, in _pack3
    _pack_map(obj, fp, options)
  File "C:\Users\wcq\AppData\Roaming\Sublime Text 3\Packages\GoSublime\gosubl\vendor\umsgpack.py", line 395, in _pack_map
    pack(v, fp, **options)
  File "C:\Users\wcq\AppData\Roaming\Sublime Text 3\Packages\GoSublime\gosubl\vendor\umsgpack.py", line 527, in _pack3
    _pack_map(obj, fp, options)
  File "C:\Users\wcq\AppData\Roaming\Sublime Text 3\Packages\GoSublime\gosubl\vendor\umsgpack.py", line 394, in _pack_map
    pack(k, fp, **options)
  File "C:\Users\wcq\AppData\Roaming\Sublime Text 3\Packages\GoSublime\gosubl\vendor\umsgpack.py", line 521, in _pack3
    _pack_string(obj, fp, options)
  File "C:\Users\wcq\AppData\Roaming\Sublime Text 3\Packages\GoSublime\gosubl\vendor\umsgpack.py", line 289, in _pack_string
    fp.write(struct.pack("B", 0xa0 | len(obj)) + obj)
OSError: [Errno 22] Invalid argument
--------------------------------

** 2019-01-02 16:33:22.453507 **:
agent#035: GoSublime: Traceback (most recent call last):
  File "C:\Users\wcq\AppData\Roaming\Sublime Text 3\Packages\GoSublime\gosubl\margo_agent.py", line 175, in _handle_send_ipc
    ipc_enc(rq.data(), self.proc.stdin)
  File "C:\Users\wcq\AppData\Roaming\Sublime Text 3\Packages\GoSublime\gosubl\vendor\umsgpack.py", line 527, in _pack3
    _pack_map(obj, fp, options)
  File "C:\Users\wcq\AppData\Roaming\Sublime Text 3\Packages\GoSublime\gosubl\vendor\umsgpack.py", line 395, in _pack_map
    pack(v, fp, **options)
  File "C:\Users\wcq\AppData\Roaming\Sublime Text 3\Packages\GoSublime\gosubl\vendor\umsgpack.py", line 527, in _pack3
    _pack_map(obj, fp, options)
  File "C:\Users\wcq\AppData\Roaming\Sublime Text 3\Packages\GoSublime\gosubl\vendor\umsgpack.py", line 395, in _pack_map
    pack(v, fp, **options)
  File "C:\Users\wcq\AppData\Roaming\Sublime Text 3\Packages\GoSublime\gosubl\vendor\umsgpack.py", line 527, in _pack3
    _pack_map(obj, fp, options)
  File "C:\Users\wcq\AppData\Roaming\Sublime Text 3\Packages\GoSublime\gosubl\vendor\umsgpack.py", line 394, in _pack_map
    pack(k, fp, **options)
  File "C:\Users\wcq\AppData\Roaming\Sublime Text 3\Packages\GoSublime\gosubl\vendor\umsgpack.py", line 521, in _pack3
    _pack_string(obj, fp, options)
  File "C:\Users\wcq\AppData\Roaming\Sublime Text 3\Packages\GoSublime\gosubl\vendor\umsgpack.py", line 289, in _pack_string
    fp.write(struct.pack("B", 0xa0 | len(obj)) + obj)
OSError: [Errno 22] Invalid argument
--------------------------------

** 2019-01-02 16:33:24.684634 **:
agent#036: GoSublime: Traceback (most recent call last):
  File "C:\Users\wcq\AppData\Roaming\Sublime Text 3\Packages\GoSublime\gosubl\margo_agent.py", line 175, in _handle_send_ipc
    ipc_enc(rq.data(), self.proc.stdin)
  File "C:\Users\wcq\AppData\Roaming\Sublime Text 3\Packages\GoSublime\gosubl\vendor\umsgpack.py", line 527, in _pack3
    _pack_map(obj, fp, options)
  File "C:\Users\wcq\AppData\Roaming\Sublime Text 3\Packages\GoSublime\gosubl\vendor\umsgpack.py", line 395, in _pack_map
    pack(v, fp, **options)
  File "C:\Users\wcq\AppData\Roaming\Sublime Text 3\Packages\GoSublime\gosubl\vendor\umsgpack.py", line 527, in _pack3
    _pack_map(obj, fp, options)
  File "C:\Users\wcq\AppData\Roaming\Sublime Text 3\Packages\GoSublime\gosubl\vendor\umsgpack.py", line 395, in _pack_map
    pack(v, fp, **options)
  File "C:\Users\wcq\AppData\Roaming\Sublime Text 3\Packages\GoSublime\gosubl\vendor\umsgpack.py", line 527, in _pack3
    _pack_map(obj, fp, options)
  File "C:\Users\wcq\AppData\Roaming\Sublime Text 3\Packages\GoSublime\gosubl\vendor\umsgpack.py", line 394, in _pack_map
    pack(k, fp, **options)
  File "C:\Users\wcq\AppData\Roaming\Sublime Text 3\Packages\GoSublime\gosubl\vendor\umsgpack.py", line 521, in _pack3
    _pack_string(obj, fp, options)
  File "C:\Users\wcq\AppData\Roaming\Sublime Text 3\Packages\GoSublime\gosubl\vendor\umsgpack.py", line 289, in _pack_string
    fp.write(struct.pack("B", 0xa0 | len(obj)) + obj)
OSError: [Errno 22] Invalid argument
--------------------------------

** 2019-01-02 16:33:57.476510 **:
agent#039: GoSublime: Traceback (most recent call last):
  File "C:\Users\wcq\AppData\Roaming\Sublime Text 3\Packages\GoSublime\gosubl\margo_agent.py", line 175, in _handle_send_ipc
    ipc_enc(rq.data(), self.proc.stdin)
  File "C:\Users\wcq\AppData\Roaming\Sublime Text 3\Packages\GoSublime\gosubl\vendor\umsgpack.py", line 527, in _pack3
    _pack_map(obj, fp, options)
  File "C:\Users\wcq\AppData\Roaming\Sublime Text 3\Packages\GoSublime\gosubl\vendor\umsgpack.py", line 395, in _pack_map
    pack(v, fp, **options)
  File "C:\Users\wcq\AppData\Roaming\Sublime Text 3\Packages\GoSublime\gosubl\vendor\umsgpack.py", line 527, in _pack3
    _pack_map(obj, fp, options)
  File "C:\Users\wcq\AppData\Roaming\Sublime Text 3\Packages\GoSublime\gosubl\vendor\umsgpack.py", line 395, in _pack_map
    pack(v, fp, **options)
  File "C:\Users\wcq\AppData\Roaming\Sublime Text 3\Packages\GoSublime\gosubl\vendor\umsgpack.py", line 527, in _pack3
    _pack_map(obj, fp, options)
  File "C:\Users\wcq\AppData\Roaming\Sublime Text 3\Packages\GoSublime\gosubl\vendor\umsgpack.py", line 394, in _pack_map
    pack(k, fp, **options)
  File "C:\Users\wcq\AppData\Roaming\Sublime Text 3\Packages\GoSublime\gosubl\vendor\umsgpack.py", line 521, in _pack3
    _pack_string(obj, fp, options)
  File "C:\Users\wcq\AppData\Roaming\Sublime Text 3\Packages\GoSublime\gosubl\vendor\umsgpack.py", line 289, in _pack_string
    fp.write(struct.pack("B", 0xa0 | len(obj)) + obj)
OSError: [Errno 22] Invalid argument
--------------------------------

** 2019-01-02 16:34:18.835732 **:
agent#044: GoSublime: Traceback (most recent call last):
  File "C:\Users\wcq\AppData\Roaming\Sublime Text 3\Packages\GoSublime\gosubl\margo_agent.py", line 175, in _handle_send_ipc
    ipc_enc(rq.data(), self.proc.stdin)
  File "C:\Users\wcq\AppData\Roaming\Sublime Text 3\Packages\GoSublime\gosubl\vendor\umsgpack.py", line 527, in _pack3
    _pack_map(obj, fp, options)
  File "C:\Users\wcq\AppData\Roaming\Sublime Text 3\Packages\GoSublime\gosubl\vendor\umsgpack.py", line 395, in _pack_map
    pack(v, fp, **options)
  File "C:\Users\wcq\AppData\Roaming\Sublime Text 3\Packages\GoSublime\gosubl\vendor\umsgpack.py", line 527, in _pack3
    _pack_map(obj, fp, options)
  File "C:\Users\wcq\AppData\Roaming\Sublime Text 3\Packages\GoSublime\gosubl\vendor\umsgpack.py", line 395, in _pack_map
    pack(v, fp, **options)
  File "C:\Users\wcq\AppData\Roaming\Sublime Text 3\Packages\GoSublime\gosubl\vendor\umsgpack.py", line 527, in _pack3
    _pack_map(obj, fp, options)
  File "C:\Users\wcq\AppData\Roaming\Sublime Text 3\Packages\GoSublime\gosubl\vendor\umsgpack.py", line 394, in _pack_map
    pack(k, fp, **options)
  File "C:\Users\wcq\AppData\Roaming\Sublime Text 3\Packages\GoSublime\gosubl\vendor\umsgpack.py", line 521, in _pack3
    _pack_string(obj, fp, options)
  File "C:\Users\wcq\AppData\Roaming\Sublime Text 3\Packages\GoSublime\gosubl\vendor\umsgpack.py", line 289, in _pack_string
    fp.write(struct.pack("B", 0xa0 | len(obj)) + obj)
OSError: [Errno 22] Invalid argument
--------------------------------

** 2019-01-02 16:34:20.900850 **:
agent#045: GoSublime: Traceback (most recent call last):
  File "C:\Users\wcq\AppData\Roaming\Sublime Text 3\Packages\GoSublime\gosubl\margo_agent.py", line 175, in _handle_send_ipc
    ipc_enc(rq.data(), self.proc.stdin)
  File "C:\Users\wcq\AppData\Roaming\Sublime Text 3\Packages\GoSublime\gosubl\vendor\umsgpack.py", line 527, in _pack3
    _pack_map(obj, fp, options)
  File "C:\Users\wcq\AppData\Roaming\Sublime Text 3\Packages\GoSublime\gosubl\vendor\umsgpack.py", line 395, in _pack_map
    pack(v, fp, **options)
  File "C:\Users\wcq\AppData\Roaming\Sublime Text 3\Packages\GoSublime\gosubl\vendor\umsgpack.py", line 527, in _pack3
    _pack_map(obj, fp, options)
  File "C:\Users\wcq\AppData\Roaming\Sublime Text 3\Packages\GoSublime\gosubl\vendor\umsgpack.py", line 395, in _pack_map
    pack(v, fp, **options)
  File "C:\Users\wcq\AppData\Roaming\Sublime Text 3\Packages\GoSublime\gosubl\vendor\umsgpack.py", line 527, in _pack3
    _pack_map(obj, fp, options)
  File "C:\Users\wcq\AppData\Roaming\Sublime Text 3\Packages\GoSublime\gosubl\vendor\umsgpack.py", line 394, in _pack_map
    pack(k, fp, **options)
  File "C:\Users\wcq\AppData\Roaming\Sublime Text 3\Packages\GoSublime\gosubl\vendor\umsgpack.py", line 521, in _pack3
    _pack_string(obj, fp, options)
  File "C:\Users\wcq\AppData\Roaming\Sublime Text 3\Packages\GoSublime\gosubl\vendor\umsgpack.py", line 289, in _pack_string
    fp.write(struct.pack("B", 0xa0 | len(obj)) + obj)
OSError: [Errno 22] Invalid argument
--------------------------------

** 2019-01-02 16:34:30.890421 **:
agent#046: GoSublime: Traceback (most recent call last):
  File "C:\Users\wcq\AppData\Roaming\Sublime Text 3\Packages\GoSublime\gosubl\margo_agent.py", line 175, in _handle_send_ipc
    ipc_enc(rq.data(), self.proc.stdin)
  File "C:\Users\wcq\AppData\Roaming\Sublime Text 3\Packages\GoSublime\gosubl\vendor\umsgpack.py", line 527, in _pack3
    _pack_map(obj, fp, options)
  File "C:\Users\wcq\AppData\Roaming\Sublime Text 3\Packages\GoSublime\gosubl\vendor\umsgpack.py", line 395, in _pack_map
    pack(v, fp, **options)
  File "C:\Users\wcq\AppData\Roaming\Sublime Text 3\Packages\GoSublime\gosubl\vendor\umsgpack.py", line 527, in _pack3
    _pack_map(obj, fp, options)
  File "C:\Users\wcq\AppData\Roaming\Sublime Text 3\Packages\GoSublime\gosubl\vendor\umsgpack.py", line 395, in _pack_map
    pack(v, fp, **options)
  File "C:\Users\wcq\AppData\Roaming\Sublime Text 3\Packages\GoSublime\gosubl\vendor\umsgpack.py", line 527, in _pack3
    _pack_map(obj, fp, options)
  File "C:\Users\wcq\AppData\Roaming\Sublime Text 3\Packages\GoSublime\gosubl\vendor\umsgpack.py", line 394, in _pack_map
    pack(k, fp, **options)
  File "C:\Users\wcq\AppData\Roaming\Sublime Text 3\Packages\GoSublime\gosubl\vendor\umsgpack.py", line 521, in _pack3
    _pack_string(obj, fp, options)
  File "C:\Users\wcq\AppData\Roaming\Sublime Text 3\Packages\GoSublime\gosubl\vendor\umsgpack.py", line 289, in _pack_string
    fp.write(struct.pack("B", 0xa0 | len(obj)) + obj)
OSError: [Errno 22] Invalid argument
--------------------------------

** 2019-01-02 16:34:34.515628 **:
agent#047: GoSublime: Traceback (most recent call last):
  File "C:\Users\wcq\AppData\Roaming\Sublime Text 3\Packages\GoSublime\gosubl\margo_agent.py", line 175, in _handle_send_ipc
    ipc_enc(rq.data(), self.proc.stdin)
  File "C:\Users\wcq\AppData\Roaming\Sublime Text 3\Packages\GoSublime\gosubl\vendor\umsgpack.py", line 527, in _pack3
    _pack_map(obj, fp, options)
  File "C:\Users\wcq\AppData\Roaming\Sublime Text 3\Packages\GoSublime\gosubl\vendor\umsgpack.py", line 395, in _pack_map
    pack(v, fp, **options)
  File "C:\Users\wcq\AppData\Roaming\Sublime Text 3\Packages\GoSublime\gosubl\vendor\umsgpack.py", line 527, in _pack3
    _pack_map(obj, fp, options)
  File "C:\Users\wcq\AppData\Roaming\Sublime Text 3\Packages\GoSublime\gosubl\vendor\umsgpack.py", line 395, in _pack_map
    pack(v, fp, **options)
  File "C:\Users\wcq\AppData\Roaming\Sublime Text 3\Packages\GoSublime\gosubl\vendor\umsgpack.py", line 527, in _pack3
    _pack_map(obj, fp, options)
  File "C:\Users\wcq\AppData\Roaming\Sublime Text 3\Packages\GoSublime\gosubl\vendor\umsgpack.py", line 394, in _pack_map
    pack(k, fp, **options)
  File "C:\Users\wcq\AppData\Roaming\Sublime Text 3\Packages\GoSublime\gosubl\vendor\umsgpack.py", line 521, in _pack3
    _pack_string(obj, fp, options)
  File "C:\Users\wcq\AppData\Roaming\Sublime Text 3\Packages\GoSublime\gosubl\vendor\umsgpack.py", line 289, in _pack_string
    fp.write(struct.pack("B", 0xa0 | len(obj)) + obj)
OSError: [Errno 22] Invalid argument
--------------------------------

** 2019-01-02 16:34:39.436910 **:
agent#048: GoSublime: Traceback (most recent call last):
  File "C:\Users\wcq\AppData\Roaming\Sublime Text 3\Packages\GoSublime\gosubl\margo_agent.py", line 175, in _handle_send_ipc
    ipc_enc(rq.data(), self.proc.stdin)
  File "C:\Users\wcq\AppData\Roaming\Sublime Text 3\Packages\GoSublime\gosubl\vendor\umsgpack.py", line 527, in _pack3
    _pack_map(obj, fp, options)
  File "C:\Users\wcq\AppData\Roaming\Sublime Text 3\Packages\GoSublime\gosubl\vendor\umsgpack.py", line 395, in _pack_map
    pack(v, fp, **options)
  File "C:\Users\wcq\AppData\Roaming\Sublime Text 3\Packages\GoSublime\gosubl\vendor\umsgpack.py", line 527, in _pack3
    _pack_map(obj, fp, options)
  File "C:\Users\wcq\AppData\Roaming\Sublime Text 3\Packages\GoSublime\gosubl\vendor\umsgpack.py", line 395, in _pack_map
    pack(v, fp, **options)
  File "C:\Users\wcq\AppData\Roaming\Sublime Text 3\Packages\GoSublime\gosubl\vendor\umsgpack.py", line 527, in _pack3
    _pack_map(obj, fp, options)
  File "C:\Users\wcq\AppData\Roaming\Sublime Text 3\Packages\GoSublime\gosubl\vendor\umsgpack.py", line 394, in _pack_map
    pack(k, fp, **options)
  File "C:\Users\wcq\AppData\Roaming\Sublime Text 3\Packages\GoSublime\gosubl\vendor\umsgpack.py", line 521, in _pack3
    _pack_string(obj, fp, options)
  File "C:\Users\wcq\AppData\Roaming\Sublime Text 3\Packages\GoSublime\gosubl\vendor\umsgpack.py", line 289, in _pack_string
    fp.write(struct.pack("B", 0xa0 | len(obj)) + obj)
OSError: [Errno 22] Invalid argument
--------------------------------

** 2019-01-02 16:34:56.246871 **:
agent#054: GoSublime: Traceback (most recent call last):
  File "C:\Users\wcq\AppData\Roaming\Sublime Text 3\Packages\GoSublime\gosubl\margo_agent.py", line 175, in _handle_send_ipc
    ipc_enc(rq.data(), self.proc.stdin)
  File "C:\Users\wcq\AppData\Roaming\Sublime Text 3\Packages\GoSublime\gosubl\vendor\umsgpack.py", line 527, in _pack3
    _pack_map(obj, fp, options)
  File "C:\Users\wcq\AppData\Roaming\Sublime Text 3\Packages\GoSublime\gosubl\vendor\umsgpack.py", line 395, in _pack_map
    pack(v, fp, **options)
  File "C:\Users\wcq\AppData\Roaming\Sublime Text 3\Packages\GoSublime\gosubl\vendor\umsgpack.py", line 527, in _pack3
    _pack_map(obj, fp, options)
  File "C:\Users\wcq\AppData\Roaming\Sublime Text 3\Packages\GoSublime\gosubl\vendor\umsgpack.py", line 395, in _pack_map
    pack(v, fp, **options)
  File "C:\Users\wcq\AppData\Roaming\Sublime Text 3\Packages\GoSublime\gosubl\vendor\umsgpack.py", line 527, in _pack3
    _pack_map(obj, fp, options)
  File "C:\Users\wcq\AppData\Roaming\Sublime Text 3\Packages\GoSublime\gosubl\vendor\umsgpack.py", line 394, in _pack_map
    pack(k, fp, **options)
  File "C:\Users\wcq\AppData\Roaming\Sublime Text 3\Packages\GoSublime\gosubl\vendor\umsgpack.py", line 521, in _pack3
    _pack_string(obj, fp, options)
  File "C:\Users\wcq\AppData\Roaming\Sublime Text 3\Packages\GoSublime\gosubl\vendor\umsgpack.py", line 289, in _pack_string
    fp.write(struct.pack("B", 0xa0 | len(obj)) + obj)
OSError: [Errno 22] Invalid argument
--------------------------------

** 2019-01-02 16:35:01.082148 **:
agent#056: GoSublime: Traceback (most recent call last):
  File "C:\Users\wcq\AppData\Roaming\Sublime Text 3\Packages\GoSublime\gosubl\margo_agent.py", line 175, in _handle_send_ipc
    ipc_enc(rq.data(), self.proc.stdin)
  File "C:\Users\wcq\AppData\Roaming\Sublime Text 3\Packages\GoSublime\gosubl\vendor\umsgpack.py", line 527, in _pack3
    _pack_map(obj, fp, options)
  File "C:\Users\wcq\AppData\Roaming\Sublime Text 3\Packages\GoSublime\gosubl\vendor\umsgpack.py", line 395, in _pack_map
    pack(v, fp, **options)
  File "C:\Users\wcq\AppData\Roaming\Sublime Text 3\Packages\GoSublime\gosubl\vendor\umsgpack.py", line 527, in _pack3
    _pack_map(obj, fp, options)
  File "C:\Users\wcq\AppData\Roaming\Sublime Text 3\Packages\GoSublime\gosubl\vendor\umsgpack.py", line 395, in _pack_map
    pack(v, fp, **options)
  File "C:\Users\wcq\AppData\Roaming\Sublime Text 3\Packages\GoSublime\gosubl\vendor\umsgpack.py", line 527, in _pack3
    _pack_map(obj, fp, options)
  File "C:\Users\wcq\AppData\Roaming\Sublime Text 3\Packages\GoSublime\gosubl\vendor\umsgpack.py", line 394, in _pack_map
    pack(k, fp, **options)
  File "C:\Users\wcq\AppData\Roaming\Sublime Text 3\Packages\GoSublime\gosubl\vendor\umsgpack.py", line 521, in _pack3
    _pack_string(obj, fp, options)
  File "C:\Users\wcq\AppData\Roaming\Sublime Text 3\Packages\GoSublime\gosubl\vendor\umsgpack.py", line 289, in _pack_string
    fp.write(struct.pack("B", 0xa0 | len(obj)) + obj)
OSError: [Errno 22] Invalid argument
--------------------------------

** 2019-01-02 16:35:04.942369 **:
agent#057: GoSublime: Traceback (most recent call last):
  File "C:\Users\wcq\AppData\Roaming\Sublime Text 3\Packages\GoSublime\gosubl\margo_agent.py", line 175, in _handle_send_ipc
    ipc_enc(rq.data(), self.proc.stdin)
  File "C:\Users\wcq\AppData\Roaming\Sublime Text 3\Packages\GoSublime\gosubl\vendor\umsgpack.py", line 527, in _pack3
    _pack_map(obj, fp, options)
  File "C:\Users\wcq\AppData\Roaming\Sublime Text 3\Packages\GoSublime\gosubl\vendor\umsgpack.py", line 395, in _pack_map
    pack(v, fp, **options)
  File "C:\Users\wcq\AppData\Roaming\Sublime Text 3\Packages\GoSublime\gosubl\vendor\umsgpack.py", line 527, in _pack3
    _pack_map(obj, fp, options)
  File "C:\Users\wcq\AppData\Roaming\Sublime Text 3\Packages\GoSublime\gosubl\vendor\umsgpack.py", line 395, in _pack_map
    pack(v, fp, **options)
  File "C:\Users\wcq\AppData\Roaming\Sublime Text 3\Packages\GoSublime\gosubl\vendor\umsgpack.py", line 527, in _pack3
    _pack_map(obj, fp, options)
  File "C:\Users\wcq\AppData\Roaming\Sublime Text 3\Packages\GoSublime\gosubl\vendor\umsgpack.py", line 394, in _pack_map
    pack(k, fp, **options)
  File "C:\Users\wcq\AppData\Roaming\Sublime Text 3\Packages\GoSublime\gosubl\vendor\umsgpack.py", line 521, in _pack3
    _pack_string(obj, fp, options)
  File "C:\Users\wcq\AppData\Roaming\Sublime Text 3\Packages\GoSublime\gosubl\vendor\umsgpack.py", line 289, in _pack_string
    fp.write(struct.pack("B", 0xa0 | len(obj)) + obj)
OSError: [Errno 22] Invalid argument
--------------------------------

** 2019-01-02 16:35:08.443569 **:
agent#059: GoSublime: Traceback (most recent call last):
  File "C:\Users\wcq\AppData\Roaming\Sublime Text 3\Packages\GoSublime\gosubl\margo_agent.py", line 175, in _handle_send_ipc
    ipc_enc(rq.data(), self.proc.stdin)
  File "C:\Users\wcq\AppData\Roaming\Sublime Text 3\Packages\GoSublime\gosubl\vendor\umsgpack.py", line 527, in _pack3
    _pack_map(obj, fp, options)
  File "C:\Users\wcq\AppData\Roaming\Sublime Text 3\Packages\GoSublime\gosubl\vendor\umsgpack.py", line 395, in _pack_map
    pack(v, fp, **options)
  File "C:\Users\wcq\AppData\Roaming\Sublime Text 3\Packages\GoSublime\gosubl\vendor\umsgpack.py", line 527, in _pack3
    _pack_map(obj, fp, options)
  File "C:\Users\wcq\AppData\Roaming\Sublime Text 3\Packages\GoSublime\gosubl\vendor\umsgpack.py", line 395, in _pack_map
    pack(v, fp, **options)
  File "C:\Users\wcq\AppData\Roaming\Sublime Text 3\Packages\GoSublime\gosubl\vendor\umsgpack.py", line 527, in _pack3
    _pack_map(obj, fp, options)
  File "C:\Users\wcq\AppData\Roaming\Sublime Text 3\Packages\GoSublime\gosubl\vendor\umsgpack.py", line 394, in _pack_map
    pack(k, fp, **options)
  File "C:\Users\wcq\AppData\Roaming\Sublime Text 3\Packages\GoSublime\gosubl\vendor\umsgpack.py", line 521, in _pack3
    _pack_string(obj, fp, options)
  File "C:\Users\wcq\AppData\Roaming\Sublime Text 3\Packages\GoSublime\gosubl\vendor\umsgpack.py", line 289, in _pack_string
    fp.write(struct.pack("B", 0xa0 | len(obj)) + obj)
OSError: [Errno 22] Invalid argument
--------------------------------

** 2019-01-02 16:35:14.512916 **:
agent#062: GoSublime: Traceback (most recent call last):
  File "C:\Users\wcq\AppData\Roaming\Sublime Text 3\Packages\GoSublime\gosubl\margo_agent.py", line 175, in _handle_send_ipc
    ipc_enc(rq.data(), self.proc.stdin)
  File "C:\Users\wcq\AppData\Roaming\Sublime Text 3\Packages\GoSublime\gosubl\vendor\umsgpack.py", line 527, in _pack3
    _pack_map(obj, fp, options)
  File "C:\Users\wcq\AppData\Roaming\Sublime Text 3\Packages\GoSublime\gosubl\vendor\umsgpack.py", line 395, in _pack_map
    pack(v, fp, **options)
  File "C:\Users\wcq\AppData\Roaming\Sublime Text 3\Packages\GoSublime\gosubl\vendor\umsgpack.py", line 527, in _pack3
    _pack_map(obj, fp, options)
  File "C:\Users\wcq\AppData\Roaming\Sublime Text 3\Packages\GoSublime\gosubl\vendor\umsgpack.py", line 395, in _pack_map
    pack(v, fp, **options)
  File "C:\Users\wcq\AppData\Roaming\Sublime Text 3\Packages\GoSublime\gosubl\vendor\umsgpack.py", line 527, in _pack3
    _pack_map(obj, fp, options)
  File "C:\Users\wcq\AppData\Roaming\Sublime Text 3\Packages\GoSublime\gosubl\vendor\umsgpack.py", line 394, in _pack_map
    pack(k, fp, **options)
  File "C:\Users\wcq\AppData\Roaming\Sublime Text 3\Packages\GoSublime\gosubl\vendor\umsgpack.py", line 521, in _pack3
    _pack_string(obj, fp, options)
  File "C:\Users\wcq\AppData\Roaming\Sublime Text 3\Packages\GoSublime\gosubl\vendor\umsgpack.py", line 289, in _pack_string
    fp.write(struct.pack("B", 0xa0 | len(obj)) + obj)
OSError: [Errno 22] Invalid argument
--------------------------------

** 2019-01-02 16:35:17.359079 **:
agent#063: GoSublime: Traceback (most recent call last):
  File "C:\Users\wcq\AppData\Roaming\Sublime Text 3\Packages\GoSublime\gosubl\margo_agent.py", line 175, in _handle_send_ipc
    ipc_enc(rq.data(), self.proc.stdin)
  File "C:\Users\wcq\AppData\Roaming\Sublime Text 3\Packages\GoSublime\gosubl\vendor\umsgpack.py", line 527, in _pack3
    _pack_map(obj, fp, options)
  File "C:\Users\wcq\AppData\Roaming\Sublime Text 3\Packages\GoSublime\gosubl\vendor\umsgpack.py", line 395, in _pack_map
    pack(v, fp, **options)
  File "C:\Users\wcq\AppData\Roaming\Sublime Text 3\Packages\GoSublime\gosubl\vendor\umsgpack.py", line 527, in _pack3
    _pack_map(obj, fp, options)
  File "C:\Users\wcq\AppData\Roaming\Sublime Text 3\Packages\GoSublime\gosubl\vendor\umsgpack.py", line 395, in _pack_map
    pack(v, fp, **options)
  File "C:\Users\wcq\AppData\Roaming\Sublime Text 3\Packages\GoSublime\gosubl\vendor\umsgpack.py", line 527, in _pack3
    _pack_map(obj, fp, options)
  File "C:\Users\wcq\AppData\Roaming\Sublime Text 3\Packages\GoSublime\gosubl\vendor\umsgpack.py", line 394, in _pack_map
    pack(k, fp, **options)
  File "C:\Users\wcq\AppData\Roaming\Sublime Text 3\Packages\GoSublime\gosubl\vendor\umsgpack.py", line 521, in _pack3
    _pack_string(obj, fp, options)
  File "C:\Users\wcq\AppData\Roaming\Sublime Text 3\Packages\GoSublime\gosubl\vendor\umsgpack.py", line 289, in _pack_string
    fp.write(struct.pack("B", 0xa0 | len(obj)) + obj)
OSError: [Errno 22] Invalid argument
--------------------------------

** 2019-01-02 16:37:29.079613 **:
agent#069: GoSublime: Traceback (most recent call last):
  File "C:\Users\wcq\AppData\Roaming\Sublime Text 3\Packages\GoSublime\gosubl\margo_agent.py", line 175, in _handle_send_ipc
    ipc_enc(rq.data(), self.proc.stdin)
  File "C:\Users\wcq\AppData\Roaming\Sublime Text 3\Packages\GoSublime\gosubl\vendor\umsgpack.py", line 527, in _pack3
    _pack_map(obj, fp, options)
  File "C:\Users\wcq\AppData\Roaming\Sublime Text 3\Packages\GoSublime\gosubl\vendor\umsgpack.py", line 395, in _pack_map
    pack(v, fp, **options)
  File "C:\Users\wcq\AppData\Roaming\Sublime Text 3\Packages\GoSublime\gosubl\vendor\umsgpack.py", line 527, in _pack3
    _pack_map(obj, fp, options)
  File "C:\Users\wcq\AppData\Roaming\Sublime Text 3\Packages\GoSublime\gosubl\vendor\umsgpack.py", line 395, in _pack_map
    pack(v, fp, **options)
  File "C:\Users\wcq\AppData\Roaming\Sublime Text 3\Packages\GoSublime\gosubl\vendor\umsgpack.py", line 527, in _pack3
    _pack_map(obj, fp, options)
  File "C:\Users\wcq\AppData\Roaming\Sublime Text 3\Packages\GoSublime\gosubl\vendor\umsgpack.py", line 394, in _pack_map
    pack(k, fp, **options)
  File "C:\Users\wcq\AppData\Roaming\Sublime Text 3\Packages\GoSublime\gosubl\vendor\umsgpack.py", line 521, in _pack3
    _pack_string(obj, fp, options)
  File "C:\Users\wcq\AppData\Roaming\Sublime Text 3\Packages\GoSublime\gosubl\vendor\umsgpack.py", line 289, in _pack_string
    fp.write(struct.pack("B", 0xa0 | len(obj)) + obj)
OSError: [Errno 22] Invalid argument
--------------------------------

** 2019-01-02 16:37:49.365773 **:
agent#071: GoSublime: Traceback (most recent call last):
  File "C:\Users\wcq\AppData\Roaming\Sublime Text 3\Packages\GoSublime\gosubl\margo_agent.py", line 175, in _handle_send_ipc
    ipc_enc(rq.data(), self.proc.stdin)
  File "C:\Users\wcq\AppData\Roaming\Sublime Text 3\Packages\GoSublime\gosubl\vendor\umsgpack.py", line 527, in _pack3
    _pack_map(obj, fp, options)
  File "C:\Users\wcq\AppData\Roaming\Sublime Text 3\Packages\GoSublime\gosubl\vendor\umsgpack.py", line 395, in _pack_map
    pack(v, fp, **options)
  File "C:\Users\wcq\AppData\Roaming\Sublime Text 3\Packages\GoSublime\gosubl\vendor\umsgpack.py", line 527, in _pack3
    _pack_map(obj, fp, options)
  File "C:\Users\wcq\AppData\Roaming\Sublime Text 3\Packages\GoSublime\gosubl\vendor\umsgpack.py", line 395, in _pack_map
    pack(v, fp, **options)
  File "C:\Users\wcq\AppData\Roaming\Sublime Text 3\Packages\GoSublime\gosubl\vendor\umsgpack.py", line 527, in _pack3
    _pack_map(obj, fp, options)
  File "C:\Users\wcq\AppData\Roaming\Sublime Text 3\Packages\GoSublime\gosubl\vendor\umsgpack.py", line 394, in _pack_map
    pack(k, fp, **options)
  File "C:\Users\wcq\AppData\Roaming\Sublime Text 3\Packages\GoSublime\gosubl\vendor\umsgpack.py", line 521, in _pack3
    _pack_string(obj, fp, options)
  File "C:\Users\wcq\AppData\Roaming\Sublime Text 3\Packages\GoSublime\gosubl\vendor\umsgpack.py", line 289, in _pack_string
    fp.write(struct.pack("B", 0xa0 | len(obj)) + obj)
OSError: [Errno 22] Invalid argument
--------------------------------

** 2019-01-02 16:37:51.288883 **:
agent#072: GoSublime: Traceback (most recent call last):
  File "C:\Users\wcq\AppData\Roaming\Sublime Text 3\Packages\GoSublime\gosubl\margo_agent.py", line 175, in _handle_send_ipc
    ipc_enc(rq.data(), self.proc.stdin)
  File "C:\Users\wcq\AppData\Roaming\Sublime Text 3\Packages\GoSublime\gosubl\vendor\umsgpack.py", line 527, in _pack3
    _pack_map(obj, fp, options)
  File "C:\Users\wcq\AppData\Roaming\Sublime Text 3\Packages\GoSublime\gosubl\vendor\umsgpack.py", line 395, in _pack_map
    pack(v, fp, **options)
  File "C:\Users\wcq\AppData\Roaming\Sublime Text 3\Packages\GoSublime\gosubl\vendor\umsgpack.py", line 527, in _pack3
    _pack_map(obj, fp, options)
  File "C:\Users\wcq\AppData\Roaming\Sublime Text 3\Packages\GoSublime\gosubl\vendor\umsgpack.py", line 395, in _pack_map
    pack(v, fp, **options)
  File "C:\Users\wcq\AppData\Roaming\Sublime Text 3\Packages\GoSublime\gosubl\vendor\umsgpack.py", line 527, in _pack3
    _pack_map(obj, fp, options)
  File "C:\Users\wcq\AppData\Roaming\Sublime Text 3\Packages\GoSublime\gosubl\vendor\umsgpack.py", line 394, in _pack_map
    pack(k, fp, **options)
  File "C:\Users\wcq\AppData\Roaming\Sublime Text 3\Packages\GoSublime\gosubl\vendor\umsgpack.py", line 521, in _pack3
    _pack_string(obj, fp, options)
  File "C:\Users\wcq\AppData\Roaming\Sublime Text 3\Packages\GoSublime\gosubl\vendor\umsgpack.py", line 289, in _pack_string
    fp.write(struct.pack("B", 0xa0 | len(obj)) + obj)
OSError: [Errno 22] Invalid argument
--------------------------------

** 2019-01-02 16:37:53.198992 **:
agent#073: GoSublime: Traceback (most recent call last):
  File "C:\Users\wcq\AppData\Roaming\Sublime Text 3\Packages\GoSublime\gosubl\margo_agent.py", line 175, in _handle_send_ipc
    ipc_enc(rq.data(), self.proc.stdin)
  File "C:\Users\wcq\AppData\Roaming\Sublime Text 3\Packages\GoSublime\gosubl\vendor\umsgpack.py", line 527, in _pack3
    _pack_map(obj, fp, options)
  File "C:\Users\wcq\AppData\Roaming\Sublime Text 3\Packages\GoSublime\gosubl\vendor\umsgpack.py", line 395, in _pack_map
    pack(v, fp, **options)
  File "C:\Users\wcq\AppData\Roaming\Sublime Text 3\Packages\GoSublime\gosubl\vendor\umsgpack.py", line 527, in _pack3
    _pack_map(obj, fp, options)
  File "C:\Users\wcq\AppData\Roaming\Sublime Text 3\Packages\GoSublime\gosubl\vendor\umsgpack.py", line 395, in _pack_map
    pack(v, fp, **options)
  File "C:\Users\wcq\AppData\Roaming\Sublime Text 3\Packages\GoSublime\gosubl\vendor\umsgpack.py", line 527, in _pack3
    _pack_map(obj, fp, options)
  File "C:\Users\wcq\AppData\Roaming\Sublime Text 3\Packages\GoSublime\gosubl\vendor\umsgpack.py", line 394, in _pack_map
    pack(k, fp, **options)
  File "C:\Users\wcq\AppData\Roaming\Sublime Text 3\Packages\GoSublime\gosubl\vendor\umsgpack.py", line 521, in _pack3
    _pack_string(obj, fp, options)
  File "C:\Users\wcq\AppData\Roaming\Sublime Text 3\Packages\GoSublime\gosubl\vendor\umsgpack.py", line 289, in _pack_string
    fp.write(struct.pack("B", 0xa0 | len(obj)) + obj)
OSError: [Errno 22] Invalid argument
--------------------------------

** 2019-01-02 16:38:27.839974 **:
mg.event:<bound method MargoSingleton.on_pre_save of <GoSublime.gosubl.margo.MargoSingleton object at 0x00000000057173C8>>: GoSublime: Traceback (most recent call last):
  File "C:\Users\wcq\AppData\Roaming\Sublime Text 3\Packages\GoSublime\gosubl\sh.py", line 334, in env
    uenv[k] = string.Template(uenv[k]).safe_substitute(e)
  File "./python3.3/string.py", line 148, in safe_substitute
TypeError: expected string or buffer

During handling of the above exception, another exception occurred:

Traceback (most recent call last):
  File "C:\Users\wcq\AppData\Roaming\Sublime Text 3\Packages\GoSublime\gosubl\margo.py", line 298, in handle_event
    return handler(*args)
  File "C:\Users\wcq\AppData\Roaming\Sublime Text 3\Packages\GoSublime\gosubl\margo.py", line 467, in on_pre_save
    return self._fmt_save(view=view, actions=[actions.ViewPreSave], event='pre_save', timeout=2.000)
  File "C:\Users\wcq\AppData\Roaming\Sublime Text 3\Packages\GoSublime\gosubl\margo.py", line 470, in _fmt_save
    rq = self.send(view=view, actions=actions)
  File "C:\Users\wcq\AppData\Roaming\Sublime Text 3\Packages\GoSublime\gosubl\margo.py", line 371, in send
    return self.agent.send(actions=actions, cb=cb, view=view)
  File "C:\Users\wcq\AppData\Roaming\Sublime Text 3\Packages\GoSublime\gosubl\margo_agent.py", line 220, in send
    rq = AgentReq(self, acts, cb=cb, view=view)
  File "C:\Users\wcq\AppData\Roaming\Sublime Text 3\Packages\GoSublime\gosubl\margo_agent.py", line 342, in __init__
    self.props = make_props(view=view)
  File "C:\Users\wcq\AppData\Roaming\Sublime Text 3\Packages\GoSublime\gosubl\margo_state.py", line 254, in make_props
    'Env': sh.env(),
  File "C:\Users\wcq\AppData\Roaming\Sublime Text 3\Packages\GoSublime\gosubl\sh.py", line 336, in env
    gs.println('%s: Cannot expand env var `%s`: %s' % (NAME, k, ex))
NameError: global name 'NAME' is not defined
--------------------------------

** 2019-01-02 16:38:31.705195 **:
mg.event:<bound method MargoSingleton.on_pre_save of <GoSublime.gosubl.margo.MargoSingleton object at 0x00000000057173C8>>: GoSublime: Traceback (most recent call last):
  File "C:\Users\wcq\AppData\Roaming\Sublime Text 3\Packages\GoSublime\gosubl\sh.py", line 334, in env
    uenv[k] = string.Template(uenv[k]).safe_substitute(e)
  File "./python3.3/string.py", line 148, in safe_substitute
TypeError: expected string or buffer

During handling of the above exception, another exception occurred:

Traceback (most recent call last):
  File "C:\Users\wcq\AppData\Roaming\Sublime Text 3\Packages\GoSublime\gosubl\margo.py", line 298, in handle_event
    return handler(*args)
  File "C:\Users\wcq\AppData\Roaming\Sublime Text 3\Packages\GoSublime\gosubl\margo.py", line 467, in on_pre_save
    return self._fmt_save(view=view, actions=[actions.ViewPreSave], event='pre_save', timeout=2.000)
  File "C:\Users\wcq\AppData\Roaming\Sublime Text 3\Packages\GoSublime\gosubl\margo.py", line 470, in _fmt_save
    rq = self.send(view=view, actions=actions)
  File "C:\Users\wcq\AppData\Roaming\Sublime Text 3\Packages\GoSublime\gosubl\margo.py", line 371, in send
    return self.agent.send(actions=actions, cb=cb, view=view)
  File "C:\Users\wcq\AppData\Roaming\Sublime Text 3\Packages\GoSublime\gosubl\margo_agent.py", line 220, in send
    rq = AgentReq(self, acts, cb=cb, view=view)
  File "C:\Users\wcq\AppData\Roaming\Sublime Text 3\Packages\GoSublime\gosubl\margo_agent.py", line 342, in __init__
    self.props = make_props(view=view)
  File "C:\Users\wcq\AppData\Roaming\Sublime Text 3\Packages\GoSublime\gosubl\margo_state.py", line 254, in make_props
    'Env': sh.env(),
  File "C:\Users\wcq\AppData\Roaming\Sublime Text 3\Packages\GoSublime\gosubl\sh.py", line 336, in env
    gs.println('%s: Cannot expand env var `%s`: %s' % (NAME, k, ex))
NameError: global name 'NAME' is not defined
--------------------------------

** 2019-01-02 16:39:35.962870 **:
mg.event:<bound method MargoSingleton.on_pre_save of <GoSublime.gosubl.margo.MargoSingleton object at 0x00000000057173C8>>: GoSublime: Traceback (most recent call last):
  File "C:\Users\wcq\AppData\Roaming\Sublime Text 3\Packages\GoSublime\gosubl\sh.py", line 334, in env
    uenv[k] = string.Template(uenv[k]).safe_substitute(e)
  File "./python3.3/string.py", line 148, in safe_substitute
TypeError: expected string or buffer

During handling of the above exception, another exception occurred:

Traceback (most recent call last):
  File "C:\Users\wcq\AppData\Roaming\Sublime Text 3\Packages\GoSublime\gosubl\margo.py", line 298, in handle_event
    return handler(*args)
  File "C:\Users\wcq\AppData\Roaming\Sublime Text 3\Packages\GoSublime\gosubl\margo.py", line 467, in on_pre_save
    return self._fmt_save(view=view, actions=[actions.ViewPreSave], event='pre_save', timeout=2.000)
  File "C:\Users\wcq\AppData\Roaming\Sublime Text 3\Packages\GoSublime\gosubl\margo.py", line 470, in _fmt_save
    rq = self.send(view=view, actions=actions)
  File "C:\Users\wcq\AppData\Roaming\Sublime Text 3\Packages\GoSublime\gosubl\margo.py", line 371, in send
    return self.agent.send(actions=actions, cb=cb, view=view)
  File "C:\Users\wcq\AppData\Roaming\Sublime Text 3\Packages\GoSublime\gosubl\margo_agent.py", line 220, in send
    rq = AgentReq(self, acts, cb=cb, view=view)
  File "C:\Users\wcq\AppData\Roaming\Sublime Text 3\Packages\GoSublime\gosubl\margo_agent.py", line 342, in __init__
    self.props = make_props(view=view)
  File "C:\Users\wcq\AppData\Roaming\Sublime Text 3\Packages\GoSublime\gosubl\margo_state.py", line 254, in make_props
    'Env': sh.env(),
  File "C:\Users\wcq\AppData\Roaming\Sublime Text 3\Packages\GoSublime\gosubl\sh.py", line 336, in env
    gs.println('%s: Cannot expand env var `%s`: %s' % (NAME, k, ex))
NameError: global name 'NAME' is not defined
--------------------------------

** 2019-01-02 16:41:34.926674 **:
agent#010: GoSublime: Traceback (most recent call last):
  File "C:\Users\wcq\AppData\Roaming\Sublime Text 3\Packages\GoSublime\gosubl\margo_agent.py", line 175, in _handle_send_ipc
    ipc_enc(rq.data(), self.proc.stdin)
  File "C:\Users\wcq\AppData\Roaming\Sublime Text 3\Packages\GoSublime\gosubl\vendor\umsgpack.py", line 527, in _pack3
    _pack_map(obj, fp, options)
  File "C:\Users\wcq\AppData\Roaming\Sublime Text 3\Packages\GoSublime\gosubl\vendor\umsgpack.py", line 395, in _pack_map
    pack(v, fp, **options)
  File "C:\Users\wcq\AppData\Roaming\Sublime Text 3\Packages\GoSublime\gosubl\vendor\umsgpack.py", line 527, in _pack3
    _pack_map(obj, fp, options)
  File "C:\Users\wcq\AppData\Roaming\Sublime Text 3\Packages\GoSublime\gosubl\vendor\umsgpack.py", line 395, in _pack_map
    pack(v, fp, **options)
  File "C:\Users\wcq\AppData\Roaming\Sublime Text 3\Packages\GoSublime\gosubl\vendor\umsgpack.py", line 527, in _pack3
    _pack_map(obj, fp, options)
  File "C:\Users\wcq\AppData\Roaming\Sublime Text 3\Packages\GoSublime\gosubl\vendor\umsgpack.py", line 394, in _pack_map
    pack(k, fp, **options)
  File "C:\Users\wcq\AppData\Roaming\Sublime Text 3\Packages\GoSublime\gosubl\vendor\umsgpack.py", line 521, in _pack3
    _pack_string(obj, fp, options)
  File "C:\Users\wcq\AppData\Roaming\Sublime Text 3\Packages\GoSublime\gosubl\vendor\umsgpack.py", line 289, in _pack_string
    fp.write(struct.pack("B", 0xa0 | len(obj)) + obj)
OSError: [Errno 22] Invalid argument
--------------------------------

** 2019-01-02 16:41:45.309268 **:
agent#011: GoSublime: Traceback (most recent call last):
  File "C:\Users\wcq\AppData\Roaming\Sublime Text 3\Packages\GoSublime\gosubl\margo_agent.py", line 175, in _handle_send_ipc
    ipc_enc(rq.data(), self.proc.stdin)
  File "C:\Users\wcq\AppData\Roaming\Sublime Text 3\Packages\GoSublime\gosubl\vendor\umsgpack.py", line 527, in _pack3
    _pack_map(obj, fp, options)
  File "C:\Users\wcq\AppData\Roaming\Sublime Text 3\Packages\GoSublime\gosubl\vendor\umsgpack.py", line 395, in _pack_map
    pack(v, fp, **options)
  File "C:\Users\wcq\AppData\Roaming\Sublime Text 3\Packages\GoSublime\gosubl\vendor\umsgpack.py", line 527, in _pack3
    _pack_map(obj, fp, options)
  File "C:\Users\wcq\AppData\Roaming\Sublime Text 3\Packages\GoSublime\gosubl\vendor\umsgpack.py", line 395, in _pack_map
    pack(v, fp, **options)
  File "C:\Users\wcq\AppData\Roaming\Sublime Text 3\Packages\GoSublime\gosubl\vendor\umsgpack.py", line 527, in _pack3
    _pack_map(obj, fp, options)
  File "C:\Users\wcq\AppData\Roaming\Sublime Text 3\Packages\GoSublime\gosubl\vendor\umsgpack.py", line 394, in _pack_map
    pack(k, fp, **options)
  File "C:\Users\wcq\AppData\Roaming\Sublime Text 3\Packages\GoSublime\gosubl\vendor\umsgpack.py", line 521, in _pack3
    _pack_string(obj, fp, options)
  File "C:\Users\wcq\AppData\Roaming\Sublime Text 3\Packages\GoSublime\gosubl\vendor\umsgpack.py", line 289, in _pack_string
    fp.write(struct.pack("B", 0xa0 | len(obj)) + obj)
OSError: [Errno 22] Invalid argument
--------------------------------

** 2019-01-02 16:41:47.293382 **:
agent#012: GoSublime: Traceback (most recent call last):
  File "C:\Users\wcq\AppData\Roaming\Sublime Text 3\Packages\GoSublime\gosubl\margo_agent.py", line 175, in _handle_send_ipc
    ipc_enc(rq.data(), self.proc.stdin)
  File "C:\Users\wcq\AppData\Roaming\Sublime Text 3\Packages\GoSublime\gosubl\vendor\umsgpack.py", line 527, in _pack3
    _pack_map(obj, fp, options)
  File "C:\Users\wcq\AppData\Roaming\Sublime Text 3\Packages\GoSublime\gosubl\vendor\umsgpack.py", line 395, in _pack_map
    pack(v, fp, **options)
  File "C:\Users\wcq\AppData\Roaming\Sublime Text 3\Packages\GoSublime\gosubl\vendor\umsgpack.py", line 527, in _pack3
    _pack_map(obj, fp, options)
  File "C:\Users\wcq\AppData\Roaming\Sublime Text 3\Packages\GoSublime\gosubl\vendor\umsgpack.py", line 395, in _pack_map
    pack(v, fp, **options)
  File "C:\Users\wcq\AppData\Roaming\Sublime Text 3\Packages\GoSublime\gosubl\vendor\umsgpack.py", line 527, in _pack3
    _pack_map(obj, fp, options)
  File "C:\Users\wcq\AppData\Roaming\Sublime Text 3\Packages\GoSublime\gosubl\vendor\umsgpack.py", line 394, in _pack_map
    pack(k, fp, **options)
  File "C:\Users\wcq\AppData\Roaming\Sublime Text 3\Packages\GoSublime\gosubl\vendor\umsgpack.py", line 521, in _pack3
    _pack_string(obj, fp, options)
  File "C:\Users\wcq\AppData\Roaming\Sublime Text 3\Packages\GoSublime\gosubl\vendor\umsgpack.py", line 289, in _pack_string
    fp.write(struct.pack("B", 0xa0 | len(obj)) + obj)
OSError: [Errno 22] Invalid argument
--------------------------------

** 2019-01-02 16:42:19.838243 **:
agent#014: GoSublime: Traceback (most recent call last):
  File "C:\Users\wcq\AppData\Roaming\Sublime Text 3\Packages\GoSublime\gosubl\margo_agent.py", line 175, in _handle_send_ipc
    ipc_enc(rq.data(), self.proc.stdin)
  File "C:\Users\wcq\AppData\Roaming\Sublime Text 3\Packages\GoSublime\gosubl\vendor\umsgpack.py", line 527, in _pack3
    _pack_map(obj, fp, options)
  File "C:\Users\wcq\AppData\Roaming\Sublime Text 3\Packages\GoSublime\gosubl\vendor\umsgpack.py", line 395, in _pack_map
    pack(v, fp, **options)
  File "C:\Users\wcq\AppData\Roaming\Sublime Text 3\Packages\GoSublime\gosubl\vendor\umsgpack.py", line 527, in _pack3
    _pack_map(obj, fp, options)
  File "C:\Users\wcq\AppData\Roaming\Sublime Text 3\Packages\GoSublime\gosubl\vendor\umsgpack.py", line 395, in _pack_map
    pack(v, fp, **options)
  File "C:\Users\wcq\AppData\Roaming\Sublime Text 3\Packages\GoSublime\gosubl\vendor\umsgpack.py", line 527, in _pack3
    _pack_map(obj, fp, options)
  File "C:\Users\wcq\AppData\Roaming\Sublime Text 3\Packages\GoSublime\gosubl\vendor\umsgpack.py", line 394, in _pack_map
    pack(k, fp, **options)
  File "C:\Users\wcq\AppData\Roaming\Sublime Text 3\Packages\GoSublime\gosubl\vendor\umsgpack.py", line 521, in _pack3
    _pack_string(obj, fp, options)
  File "C:\Users\wcq\AppData\Roaming\Sublime Text 3\Packages\GoSublime\gosubl\vendor\umsgpack.py", line 289, in _pack_string
    fp.write(struct.pack("B", 0xa0 | len(obj)) + obj)
OSError: [Errno 22] Invalid argument
--------------------------------

** 2019-01-02 16:43:13.030286 **:
agent#016: GoSublime: Traceback (most recent call last):
  File "C:\Users\wcq\AppData\Roaming\Sublime Text 3\Packages\GoSublime\gosubl\margo_agent.py", line 175, in _handle_send_ipc
    ipc_enc(rq.data(), self.proc.stdin)
  File "C:\Users\wcq\AppData\Roaming\Sublime Text 3\Packages\GoSublime\gosubl\vendor\umsgpack.py", line 527, in _pack3
    _pack_map(obj, fp, options)
  File "C:\Users\wcq\AppData\Roaming\Sublime Text 3\Packages\GoSublime\gosubl\vendor\umsgpack.py", line 395, in _pack_map
    pack(v, fp, **options)
  File "C:\Users\wcq\AppData\Roaming\Sublime Text 3\Packages\GoSublime\gosubl\vendor\umsgpack.py", line 527, in _pack3
    _pack_map(obj, fp, options)
  File "C:\Users\wcq\AppData\Roaming\Sublime Text 3\Packages\GoSublime\gosubl\vendor\umsgpack.py", line 395, in _pack_map
    pack(v, fp, **options)
  File "C:\Users\wcq\AppData\Roaming\Sublime Text 3\Packages\GoSublime\gosubl\vendor\umsgpack.py", line 527, in _pack3
    _pack_map(obj, fp, options)
  File "C:\Users\wcq\AppData\Roaming\Sublime Text 3\Packages\GoSublime\gosubl\vendor\umsgpack.py", line 394, in _pack_map
    pack(k, fp, **options)
  File "C:\Users\wcq\AppData\Roaming\Sublime Text 3\Packages\GoSublime\gosubl\vendor\umsgpack.py", line 521, in _pack3
    _pack_string(obj, fp, options)
  File "C:\Users\wcq\AppData\Roaming\Sublime Text 3\Packages\GoSublime\gosubl\vendor\umsgpack.py", line 289, in _pack_string
    fp.write(struct.pack("B", 0xa0 | len(obj)) + obj)
OSError: [Errno 22] Invalid argument
--------------------------------

** 2019-01-02 16:49:46.738805 **:
mg.event:<bound method MargoSingleton.on_pre_save of <GoSublime.gosubl.margo.MargoSingleton object at 0x000000000591C0F0>>: GoSublime: Traceback (most recent call last):
  File "C:\Users\wcq\AppData\Roaming\Sublime Text 3\Packages\GoSublime\gosubl\sh.py", line 334, in env
    uenv[k] = string.Template(uenv[k]).safe_substitute(e)
  File "./python3.3/string.py", line 148, in safe_substitute
TypeError: expected string or buffer

During handling of the above exception, another exception occurred:

Traceback (most recent call last):
  File "C:\Users\wcq\AppData\Roaming\Sublime Text 3\Packages\GoSublime\gosubl\margo.py", line 298, in handle_event
    return handler(*args)
  File "C:\Users\wcq\AppData\Roaming\Sublime Text 3\Packages\GoSublime\gosubl\margo.py", line 467, in on_pre_save
    return self._fmt_save(view=view, actions=[actions.ViewPreSave], event='pre_save', timeout=2.000)
  File "C:\Users\wcq\AppData\Roaming\Sublime Text 3\Packages\GoSublime\gosubl\margo.py", line 470, in _fmt_save
    rq = self.send(view=view, actions=actions)
  File "C:\Users\wcq\AppData\Roaming\Sublime Text 3\Packages\GoSublime\gosubl\margo.py", line 371, in send
    return self.agent.send(actions=actions, cb=cb, view=view)
  File "C:\Users\wcq\AppData\Roaming\Sublime Text 3\Packages\GoSublime\gosubl\margo_agent.py", line 220, in send
    rq = AgentReq(self, acts, cb=cb, view=view)
  File "C:\Users\wcq\AppData\Roaming\Sublime Text 3\Packages\GoSublime\gosubl\margo_agent.py", line 342, in __init__
    self.props = make_props(view=view)
  File "C:\Users\wcq\AppData\Roaming\Sublime Text 3\Packages\GoSublime\gosubl\margo_state.py", line 254, in make_props
    'Env': sh.env(),
  File "C:\Users\wcq\AppData\Roaming\Sublime Text 3\Packages\GoSublime\gosubl\sh.py", line 336, in env
    gs.println('%s: Cannot expand env var `%s`: %s' % (NAME, k, ex))
NameError: global name 'NAME' is not defined
--------------------------------

** 2019-01-02 16:49:52.532136 **:
mg.event:<bound method MargoSingleton.on_pre_save of <GoSublime.gosubl.margo.MargoSingleton object at 0x000000000591C0F0>>: GoSublime: Traceback (most recent call last):
  File "C:\Users\wcq\AppData\Roaming\Sublime Text 3\Packages\GoSublime\gosubl\sh.py", line 334, in env
    uenv[k] = string.Template(uenv[k]).safe_substitute(e)
  File "./python3.3/string.py", line 148, in safe_substitute
TypeError: expected string or buffer

During handling of the above exception, another exception occurred:

Traceback (most recent call last):
  File "C:\Users\wcq\AppData\Roaming\Sublime Text 3\Packages\GoSublime\gosubl\margo.py", line 298, in handle_event
    return handler(*args)
  File "C:\Users\wcq\AppData\Roaming\Sublime Text 3\Packages\GoSublime\gosubl\margo.py", line 467, in on_pre_save
    return self._fmt_save(view=view, actions=[actions.ViewPreSave], event='pre_save', timeout=2.000)
  File "C:\Users\wcq\AppData\Roaming\Sublime Text 3\Packages\GoSublime\gosubl\margo.py", line 470, in _fmt_save
    rq = self.send(view=view, actions=actions)
  File "C:\Users\wcq\AppData\Roaming\Sublime Text 3\Packages\GoSublime\gosubl\margo.py", line 371, in send
    return self.agent.send(actions=actions, cb=cb, view=view)
  File "C:\Users\wcq\AppData\Roaming\Sublime Text 3\Packages\GoSublime\gosubl\margo_agent.py", line 220, in send
    rq = AgentReq(self, acts, cb=cb, view=view)
  File "C:\Users\wcq\AppData\Roaming\Sublime Text 3\Packages\GoSublime\gosubl\margo_agent.py", line 342, in __init__
    self.props = make_props(view=view)
  File "C:\Users\wcq\AppData\Roaming\Sublime Text 3\Packages\GoSublime\gosubl\margo_state.py", line 254, in make_props
    'Env': sh.env(),
  File "C:\Users\wcq\AppData\Roaming\Sublime Text 3\Packages\GoSublime\gosubl\sh.py", line 336, in env
    gs.println('%s: Cannot expand env var `%s`: %s' % (NAME, k, ex))
NameError: global name 'NAME' is not defined
--------------------------------

** 2019-01-02 16:49:55.321295 **:
mg.event:<bound method MargoSingleton.on_pre_save of <GoSublime.gosubl.margo.MargoSingleton object at 0x000000000591C0F0>>: GoSublime: Traceback (most recent call last):
  File "C:\Users\wcq\AppData\Roaming\Sublime Text 3\Packages\GoSublime\gosubl\sh.py", line 334, in env
    uenv[k] = string.Template(uenv[k]).safe_substitute(e)
  File "./python3.3/string.py", line 148, in safe_substitute
TypeError: expected string or buffer

During handling of the above exception, another exception occurred:

Traceback (most recent call last):
  File "C:\Users\wcq\AppData\Roaming\Sublime Text 3\Packages\GoSublime\gosubl\margo.py", line 298, in handle_event
    return handler(*args)
  File "C:\Users\wcq\AppData\Roaming\Sublime Text 3\Packages\GoSublime\gosubl\margo.py", line 467, in on_pre_save
    return self._fmt_save(view=view, actions=[actions.ViewPreSave], event='pre_save', timeout=2.000)
  File "C:\Users\wcq\AppData\Roaming\Sublime Text 3\Packages\GoSublime\gosubl\margo.py", line 470, in _fmt_save
    rq = self.send(view=view, actions=actions)
  File "C:\Users\wcq\AppData\Roaming\Sublime Text 3\Packages\GoSublime\gosubl\margo.py", line 371, in send
    return self.agent.send(actions=actions, cb=cb, view=view)
  File "C:\Users\wcq\AppData\Roaming\Sublime Text 3\Packages\GoSublime\gosubl\margo_agent.py", line 220, in send
    rq = AgentReq(self, acts, cb=cb, view=view)
  File "C:\Users\wcq\AppData\Roaming\Sublime Text 3\Packages\GoSublime\gosubl\margo_agent.py", line 342, in __init__
    self.props = make_props(view=view)
  File "C:\Users\wcq\AppData\Roaming\Sublime Text 3\Packages\GoSublime\gosubl\margo_state.py", line 254, in make_props
    'Env': sh.env(),
  File "C:\Users\wcq\AppData\Roaming\Sublime Text 3\Packages\GoSublime\gosubl\sh.py", line 336, in env
    gs.println('%s: Cannot expand env var `%s`: %s' % (NAME, k, ex))
NameError: global name 'NAME' is not defined
--------------------------------
